<?xml version="1.0" encoding="UTF-8"?>
<testng-results ignored="0" total="1" passed="1" failed="0" skipped="0">
  <reporter-output>
  </reporter-output>
  <suite started-at="2026-08-06T08:33:07 IST" name="Default suite" finished-at="2026-08-06T08:33:07 IST" duration-ms="24">
    <groups>
    </groups>
    <test started-at="2026-08-06T08:33:07 IST" name="Default test" finished-at="2026-08-06T08:33:07 IST" duration-ms="24">
      <class name="GSI.jenkinn.project.LoginTest">
        <test-method signature="login()[pri:0, instance:GSI.jenkinn.project.LoginTest@5b239d7d]" started-at="2026-08-06T08:33:07 IST" name="login" finished-at="2026-08-06T08:33:07 IST" duration-ms="5" status="PASS">
          <reporter-output>
          </reporter-output>
        </test-method> <!-- login -->
      </class> <!-- GSI.jenkinn.project.LoginTest -->
    </test> <!-- Default test -->
  </suite> <!-- Default suite -->
</testng-results>
